<?xml version="1.0" encoding="UTF-8"?>
<!-- Generated by org.testng.reporters.JUnitXMLReporter -->
<testsuite ignored="3" hostname="DESKTOP-MHLLET6" failures="0" tests="2" name="Default test" time="42.496" errors="0" timestamp="2023-08-16T23:54:01 SGT">
  <testcase classname="testcases.TC_001_CustomerTest" name="addNewCustomer" time="16.315"/>
  <testcase classname="testcases.TC_001_CustomerTest" name="editCustomerTest" time="7.62"/>
  <testcase classname="testcases.TC_001_CustomerTest" name="loginTest" time="0.0">
    <ignored/>
  </testcase> <!-- loginTest -->
  <testcase classname="testcases.TC_001_CustomerTest" name="deleteCustomerTest" time="0.0">
    <ignored/>
  </testcase> <!-- deleteCustomerTest -->
  <testcase classname="testcases.TC_001_CustomerTest" name="linksCountTest" time="0.0">
    <ignored/>
  </testcase> <!-- linksCountTest -->
</testsuite> <!-- Default test -->
